app_root=/Users/jim/Share/lab/gui/awtk/awtk-ui-automation/bin/../res
Init opengl done.
Build at: Aug 12 2020 12:42:26
listen on 8000
unload image cursor
Window 1 shown
Window 1 exposed
Window 1 gained keyboard focus
Window 1 lost keyboard focus
window main open
Window 1 gained keyboard focus
Mouse entered window 1
Mouse left window 1
Window 1 lost keyboard focus
Window 1 gained keyboard focus
Mouse entered window 1
Mouse left window 1
Window 1 lost keyboard focus
client connected:11
read timeout.
client data:ret=472
POST:/wd/hub/session
{"desiredCapabilities":{"browserName":"","appium-version":"1.6","platformName":"awtk","platformVersion":"1.0","deviceName":"pc","a4aPort":8000,"a4aAppPath":"/Users/jim/Share/lab/gui/awtk/awtk-ui-automation/bin/","app":"/Users/jim/Share/lab/gui/awtk/awtk-ui-automation/bin/demo"}}
258:HTTP/1.1 200 OK
Content-Type: application/json; charset=utf-8
Cache-Control: no-cache
Content-Length: 146

{
    "status" : 0,
    "value" : {
        "sessionId" : "1234",
        "capabilities" : {
            "platformName" : "awtk"
        }
    }
}
client connected:11
read timeout.
client data:ret=268
POST:/wd/hub/session/1234/url
{"url":"/Users/jim/Share/lab/gui/awtk/awtk-ui-automation/bin/demo"}
session:1234
131:HTTP/1.1 200 OK
Content-Type: application/json; charset=utf-8
Cache-Control: no-cache
Content-Length: 20

{
    "status" : 0
}
client connected:11
read timeout.
client data:ret=234
POST:/wd/hub/session/1234/element
{"using":"id","value":"info"}
session:1234
181:HTTP/1.1 200 OK
Content-Type: application/json; charset=utf-8
Cache-Control: no-cache
Content-Length: 70

{
    "status" : 0,
    "value" : {
        "ELEMENT" : "info"
    }
}
client connected:11
read timeout.
client data:ret=194
GET:/wd/hub/session/1234/element/info/text
(null)
session:1234
element:info
154:HTTP/1.1 200 OK
Content-Type: application/json; charset=utf-8
Cache-Control: no-cache
Content-Length: 43

{
    "status" : 0,
    "value" : "Hello"
}
client connected:11
read timeout.
client data:ret=202
GET:/wd/hub/session/1234/element/title/attribute/x
(null)
session:1234
element:title
property:x
149:HTTP/1.1 200 OK
Content-Type: application/json; charset=utf-8
Cache-Control: no-cache
Content-Length: 38

{
    "status" : 0,
    "value" : 10
}
client connected:11
read timeout.
client data:ret=202
GET:/wd/hub/session/1234/element/title/attribute/w
(null)
session:1234
element:title
property:w
150:HTTP/1.1 200 OK
Content-Type: application/json; charset=utf-8
Cache-Control: no-cache
Content-Length: 39

{
    "status" : 0,
    "value" : 300
}
client connected:11
read timeout.
client data:ret=208
GET:/wd/hub/session/1234/element/title/attribute/visible
(null)
session:1234
element:title
property:visible
151:HTTP/1.1 200 OK
Content-Type: application/json; charset=utf-8
Cache-Control: no-cache
Content-Length: 40

{
    "status" : 0,
    "value" : true
}
client connected:11
read timeout.
client data:ret=199
GET:/wd/hub/session/1234/element/title/location
(null)
session:1234
element:title
189:HTTP/1.1 200 OK
Content-Type: application/json; charset=utf-8
Cache-Control: no-cache
Content-Length: 78

{
    "status" : 0,
    "value" : {
        "x" : 10,
        "y" : 10
    }
}
client connected:11
read timeout.
client data:ret=207
GET:/wd/hub/session/1234/element/title/location_in_view
(null)
session:1234
element:title
189:HTTP/1.1 200 OK
Content-Type: application/json; charset=utf-8
Cache-Control: no-cache
Content-Length: 78

{
    "status" : 0,
    "value" : {
        "x" : 10,
        "y" : 10
    }
}
client connected:11
read timeout.
client data:ret=195
GET:/wd/hub/session/1234/element/title/size
(null)
session:1234
element:title
199:HTTP/1.1 200 OK
Content-Type: application/json; charset=utf-8
Cache-Control: no-cache
Content-Length: 88

{
    "status" : 0,
    "value" : {
        "width" : 300,
        "height" : 30
    }
}
client connected:11
read timeout.
client data:ret=234
POST:/wd/hub/session/1234/element
{"using":"id","value":"info"}
session:1234
181:HTTP/1.1 200 OK
Content-Type: application/json; charset=utf-8
Cache-Control: no-cache
Content-Length: 70

{
    "status" : 0,
    "value" : {
        "ELEMENT" : "info"
    }
}
client connected:11
read timeout.
client data:ret=249
POST:/wd/hub/session/1234/appium/element/info/replace_value
{"value":["AWTK"]}
session:1234
element:info
131:HTTP/1.1 200 OK
Content-Type: application/json; charset=utf-8
Cache-Control: no-cache
Content-Length: 20

{
    "status" : 0
}
client connected:11
read timeout.
client data:ret=234
POST:/wd/hub/session/1234/element
{"using":"id","value":"info"}
session:1234
181:HTTP/1.1 200 OK
Content-Type: application/json; charset=utf-8
Cache-Control: no-cache
Content-Length: 70

{
    "status" : 0,
    "value" : {
        "ELEMENT" : "info"
    }
}
client connected:11
read timeout.
client data:ret=194
GET:/wd/hub/session/1234/element/info/text
(null)
session:1234
element:info
153:HTTP/1.1 200 OK
Content-Type: application/json; charset=utf-8
Cache-Control: no-cache
Content-Length: 42

{
    "status" : 0,
    "value" : "AWTK"
}
client connected:11
read timeout.
client data:ret=217
POST:/wd/hub/session/1234/element/edit/clear
{}
session:1234
element:edit
131:HTTP/1.1 200 OK
Content-Type: application/json; charset=utf-8
Cache-Control: no-cache
Content-Length: 20

{
    "status" : 0
}
client connected:11
read timeout.
client data:ret=234
POST:/wd/hub/session/1234/element
{"using":"id","value":"edit"}
session:1234
181:HTTP/1.1 200 OK
Content-Type: application/json; charset=utf-8
Cache-Control: no-cache
Content-Length: 70

{
    "status" : 0,
    "value" : {
        "ELEMENT" : "edit"
    }
}
client connected:11
read timeout.
client data:ret=194
GET:/wd/hub/session/1234/element/edit/text
(null)
session:1234
element:edit
149:HTTP/1.1 200 OK
Content-Type: application/json; charset=utf-8
Cache-Control: no-cache
Content-Length: 38

{
    "status" : 0,
    "value" : ""
}
client connected:11
read timeout.
client data:ret=251
POST:/wd/hub/session/1234/element/edit/value
{"value":["ab","cd"],"text":"abcd"}
session:1234
element:edit
131:HTTP/1.1 200 OK
Content-Type: application/json; charset=utf-8
Cache-Control: no-cache
Content-Length: 20

{
    "status" : 0
}
client connected:11
read timeout.
client data:ret=234
POST:/wd/hub/session/1234/element
{"using":"id","value":"edit"}
session:1234
181:HTTP/1.1 200 OK
Content-Type: application/json; charset=utf-8
Cache-Control: no-cache
Content-Length: 70

{
    "status" : 0,
    "value" : {
        "ELEMENT" : "edit"
    }
}
client connected:11
read timeout.
client data:ret=194
GET:/wd/hub/session/1234/element/edit/text
(null)
session:1234
element:edit
153:HTTP/1.1 200 OK
Content-Type: application/json; charset=utf-8
Cache-Control: no-cache
Content-Length: 42

{
    "status" : 0,
    "value" : "abcd"
}
client connected:11
read timeout.
client data:ret=201
GET:/wd/hub/session/1234/element/remember/enabled
(null)
session:1234
element:remember
151:HTTP/1.1 200 OK
Content-Type: application/json; charset=utf-8
Cache-Control: no-cache
Content-Length: 40

{
    "status" : 0,
    "value" : true
}
client connected:11
read timeout.
client data:ret=198
GET:/wd/hub/session/1234/element/remember/name
(null)
session:1234
element:remember
157:HTTP/1.1 200 OK
Content-Type: application/json; charset=utf-8
Cache-Control: no-cache
Content-Length: 46

{
    "status" : 0,
    "value" : "remember"
}
client connected:11
read timeout.
client data:ret=202
GET:/wd/hub/session/1234/element/remember/selected
(null)
session:1234
element:remember
151:HTTP/1.1 200 OK
Content-Type: application/json; charset=utf-8
Cache-Control: no-cache
Content-Length: 40

{
    "status" : 0,
    "value" : true
}
client connected:11
read timeout.
client data:ret=191
GET:/wd/hub/session/1234/element/active
(null)
session:1234
181:HTTP/1.1 200 OK
Content-Type: application/json; charset=utf-8
Cache-Control: no-cache
Content-Length: 70

{
    "status" : 0,
    "value" : {
        "ELEMENT" : "main"
    }
}
client connected:11
read timeout.
client data:ret=194
GET:/wd/hub/session/1234/element/ma